Jul 10 14:43:49  [info] -- (::1) op.Login.php 
Jul 10 14:43:49  [info] Authentication service 'db'
Jul 10 14:43:49  [info] Authentication service 'db': Authentication of user 'admin' successful.
Jul 10 14:57:38  [info] admin (::1) op.Categories.php .php&action=addcategory&categoryid=1
Jul 10 14:57:50  [info] admin (::1) op.Categories.php .php&action=editcategory&categoryid=1
Jul 10 14:57:57  [info] admin (::1) op.Categories.php .php&action=removecategory&categoryid=1
Jul 10 14:58:17  [info] admin (::1) op.Categories.php .php&action=addcategory&categoryid=2
Jul 10 14:59:03  [info] admin (::1) op.Categories.php .php&action=addcategory&categoryid=3
Jul 10 14:59:09  [info] admin (::1) op.Categories.php .php&action=removecategory&categoryid=3
Jul 10 14:59:40  [info] admin (::1) op.Categories.php .php&action=editcategory&categoryid=2
Jul 10 14:59:41  [info] admin (::1) op.Categories.php .php&action=editcategory&categoryid=2
Jul 10 14:59:42  [info] admin (::1) op.Categories.php .php&action=editcategory&categoryid=2
Jul 10 14:59:48  [info] admin (::1) op.Categories.php .php&action=editcategory&categoryid=2
Jul 10 15:00:47  [info] admin (::1) op.Categories.php .php&action=addcategory&categoryid=4
Jul 10 15:01:08  [info] admin (::1) op.Categories.php .php&action=editcategory&categoryid=4
Jul 10 15:13:18  [error] Notification service 'email': Sending notification 'new_document_email_subject' to user 'info@seeddms.org' (1) failed.
Jul 10 15:13:18  [info] admin (::1) op.AddDocument.php ?name=facebook document&folderid=1
Jul 10 15:13:23  [info] admin (::1) op.Download.php?documentid=1&version=1 
Jul 10 15:13:52  [info] admin (::1) op.Ajax.php?command=tooglelockdocument&formtoken=38e79e2f65c1aa7bc757221ea94902a9&id=1 
Jul 10 15:14:04  [error] Notification service 'email': Sending notification 'access_permission_changed_email_subject' to user 'info@seeddms.org' (1) failed.
Jul 10 15:14:04  [info] admin (::1) op.DocumentAccess.php?formtoken=8539b8d5f49c21572d33f3ade7344485&documentid=1&action=notinherit&mode=empty 
Jul 10 15:14:41  [info] admin (::1) op.Categories.php .php&action=editcategory&categoryid=4
Jul 10 15:15:00  [info] admin (::1) op.Categories.php .php&action=addcategory&categoryid=5
Jul 10 16:47:53  [info] admin (::1) op.Categories.php .php&action=addcategory&categoryid=7
Jul 10 17:30:47  [info] admin (::1) op.Categories.php .php&action=addcategory&categoryid=8
